unique: 2, opcode: INIT (26), nodeid: 0, insize: 56
INIT: 7.19
flags=0xf8000008
max_readahead=0x00100000
   INIT: 7.8
   flags=0x00000000
   max_readahead=0x00100000
   max_write=0x02000000
   unique: 2, error: 0 (Undefined error: 0), outsize: 40
unique: 2, opcode: GETATTR (3), nodeid: 1, insize: 40
getattr 0000000000000001 0
getdir 0000000000000001
   getattr -> 0 0 0
   unique: 2, error: 0 (Undefined error: 0), outsize: 128
unique: 3, opcode: STATFS (17), nodeid: 1, insize: 40
statfs
   unique: 3, error: 0 (Undefined error: 0), outsize: 96
unique: 2, opcode: GETATTR (3), nodeid: 1, insize: 40
getattr 0000000000000001 0
getdir 0000000000000001
   getattr -> 0 0 0
   unique: 2, error: 0 (Undefined error: 0), outsize: 128
unique: 3, opcode: GETATTR (3), nodeid: 1, insize: 40
getattr 0000000000000001 0
getdir 0000000000000001
   getattr -> 0 0 0
   unique: 3, error: 0 (Undefined error: 0), outsize: 128
unique: 2, opcode: GETATTR (3), nodeid: 1, insize: 40
getattr 0000000000000001 0
getdir 0000000000000001
   getattr -> 0 0 0
   unique: 2, error: 0 (Undefined error: 0), outsize: 128
unique: 3, opcode: GETATTR (3), nodeid: 1, insize: 40
getattr 0000000000000001 0
getdir 0000000000000001
   getattr -> 0 0 0
   unique: 3, error: 0 (Undefined error: 0), outsize: 128
unique: 2, opcode: GETATTR (3), nodeid: 1, insize: 40
getattr 0000000000000001 0
getdir 0000000000000001
   getattr -> 0 0 0
   unique: 2, error: 0 (Undefined error: 0), outsize: 128
unique: 3, opcode: GETATTR (3), nodeid: 1, insize: 40
getattr 0000000000000001 0
getdir 0000000000000001
   getattr -> 0 0 0
   unique: 3, error: 0 (Undefined error: 0), outsize: 128
unique: 2, opcode: GETATTR (3), nodeid: 1, insize: 40
getattr 0000000000000001 0
getdir 0000000000000001
   getattr -> 0 0 0
   unique: 2, error: 0 (Undefined error: 0), outsize: 128
unique: 3, opcode: GETATTR (3), nodeid: 1, insize: 40
getattr 0000000000000001 0
getdir 0000000000000001
   getattr -> 0 0 0
   unique: 3, error: 0 (Undefined error: 0), outsize: 128
unique: 2, opcode: GETATTR (3), nodeid: 1, insize: 40
getattr 0000000000000001 0
getdir 0000000000000001
   getattr -> 0 0 0
   unique: 2, error: 0 (Undefined error: 0), outsize: 128
unique: 3, opcode: GETATTR (3), nodeid: 1, insize: 40
getattr 0000000000000001 0
getdir 0000000000000001
   getattr -> 0 0 0
   unique: 3, error: 0 (Undefined error: 0), outsize: 128
unique: 2, opcode: GETATTR (3), nodeid: 1, insize: 40
getattr 0000000000000001 0
getdir 0000000000000001
   getattr -> 0 0 0
   unique: 2, error: 0 (Undefined error: 0), outsize: 128
unique: 3, opcode: GETATTR (3), nodeid: 1, insize: 40
getattr 0000000000000001 0
getdir 0000000000000001
   getattr -> 0 0 0
   unique: 3, error: 0 (Undefined error: 0), outsize: 128
unique: 2, opcode: GETATTR (3), nodeid: 1, insize: 40
getattr 0000000000000001 0
getdir 0000000000000001
   getattr -> 0 0 0
   unique: 2, error: 0 (Undefined error: 0), outsize: 128
unique: 3, opcode: GETATTR (3), nodeid: 1, insize: 40
getattr 0000000000000001 0
getdir 0000000000000001
   getattr -> 0 0 0
   unique: 3, error: 0 (Undefined error: 0), outsize: 128
unique: 2, opcode: GETATTR (3), nodeid: 1, insize: 40
getattr 0000000000000001 0
getdir 0000000000000001
   getattr -> 0 0 0
   unique: 2, error: 0 (Undefined error: 0), outsize: 128
unique: 3, opcode: GETATTR (3), nodeid: 1, insize: 40
getattr 0000000000000001 0
getdir 0000000000000001
   getattr -> 0 0 0
   unique: 3, error: 0 (Undefined error: 0), outsize: 128
unique: 2, opcode: GETATTR (3), nodeid: 1, insize: 40
getattr 0000000000000001 0
getdir 0000000000000001
   getattr -> 0 0 0
   unique: 2, error: 0 (Undefined error: 0), outsize: 128
unique: 3, opcode: GETATTR (3), nodeid: 1, insize: 40
getattr 0000000000000001 0
getdir 0000000000000001
   getattr -> 0 0 0
   unique: 3, error: 0 (Undefined error: 0), outsize: 128
unique: 2, opcode: GETATTR (3), nodeid: 1, insize: 40
getattr 0000000000000001 0
getdir 0000000000000001
   getattr -> 0 0 0
   unique: 2, error: 0 (Undefined error: 0), outsize: 128
unique: 3, opcode: GETATTR (3), nodeid: 1, insize: 40
getattr 0000000000000001 0
getdir 0000000000000001
   getattr -> 0 0 0
   unique: 3, error: 0 (Undefined error: 0), outsize: 128
unique: 2, opcode: GETATTR (3), nodeid: 1, insize: 40
getattr 0000000000000001 0
getdir 0000000000000001
   getattr -> 0 0 0
   unique: 2, error: 0 (Undefined error: 0), outsize: 128
unique: 3, opcode: GETATTR (3), nodeid: 1, insize: 40
getattr 0000000000000001 0
getdir 0000000000000001
   getattr -> 0 0 0
   unique: 3, error: 0 (Undefined error: 0), outsize: 128
unique: 2, opcode: GETATTR (3), nodeid: 1, insize: 40
getattr 0000000000000001 0
getdir 0000000000000001
   getattr -> 0 0 0
   unique: 2, error: 0 (Undefined error: 0), outsize: 128
unique: 3, opcode: GETATTR (3), nodeid: 1, insize: 40
getattr 0000000000000001 0
getdir 0000000000000001
   getattr -> 0 0 0
   unique: 3, error: 0 (Undefined error: 0), outsize: 128
unique: 2, opcode: GETATTR (3), nodeid: 1, insize: 40
getattr 0000000000000001 0
getdir 0000000000000001
   getattr -> 0 0 0
   unique: 2, error: 0 (Undefined error: 0), outsize: 128
unique: 3, opcode: GETATTR (3), nodeid: 1, insize: 40
getattr 0000000000000001 0
getdir 0000000000000001
   getattr -> 0 0 0
   unique: 3, error: 0 (Undefined error: 0), outsize: 128
unique: 2, opcode: GETATTR (3), nodeid: 1, insize: 40
getattr 0000000000000001 0
getdir 0000000000000001
   getattr -> 0 0 0
   unique: 2, error: 0 (Undefined error: 0), outsize: 128
unique: 3, opcode: GETATTR (3), nodeid: 1, insize: 40
getattr 0000000000000001 0
getdir 0000000000000001
   getattr -> 0 0 0
   unique: 3, error: 0 (Undefined error: 0), outsize: 128
unique: 2, opcode: GETATTR (3), nodeid: 1, insize: 40
getattr 0000000000000001 0
getdir 0000000000000001
   getattr -> 0 0 0
   unique: 2, error: 0 (Undefined error: 0), outsize: 128
unique: 3, opcode: GETATTR (3), nodeid: 1, insize: 40
getattr 0000000000000001 0
getdir 0000000000000001
   getattr -> 0 0 0
   unique: 3, error: 0 (Undefined error: 0), outsize: 128
unique: 2, opcode: GETATTR (3), nodeid: 1, insize: 40
getattr 0000000000000001 0
getdir 0000000000000001
   getattr -> 0 0 0
   unique: 2, error: 0 (Undefined error: 0), outsize: 128
unique: 3, opcode: GETATTR (3), nodeid: 1, insize: 40
getattr 0000000000000001 0
getdir 0000000000000001
   getattr -> 0 0 0
   unique: 3, error: 0 (Undefined error: 0), outsize: 128
unique: 2, opcode: GETATTR (3), nodeid: 1, insize: 40
getattr 0000000000000001 0
getdir 0000000000000001
   getattr -> 0 0 0
   unique: 2, error: 0 (Undefined error: 0), outsize: 128
unique: 3, opcode: GETATTR (3), nodeid: 1, insize: 40
getattr 0000000000000001 0
getdir 0000000000000001
   getattr -> 0 0 0
   unique: 3, error: 0 (Undefined error: 0), outsize: 128
unique: 2, opcode: GETATTR (3), nodeid: 1, insize: 40
getattr 0000000000000001 0
getdir 0000000000000001
   getattr -> 0 0 0
   unique: 2, error: 0 (Undefined error: 0), outsize: 128
unique: 3, opcode: GETATTR (3), nodeid: 1, insize: 40
getattr 0000000000000001 0
getdir 0000000000000001
   getattr -> 0 0 0
   unique: 3, error: 0 (Undefined error: 0), outsize: 128
unique: 2, opcode: GETATTR (3), nodeid: 1, insize: 40
getattr 0000000000000001 0
getdir 0000000000000001
   getattr -> 0 0 0
   unique: 2, error: 0 (Undefined error: 0), outsize: 128
unique: 3, opcode: GETATTR (3), nodeid: 1, insize: 40
getattr 0000000000000001 0
getdir 0000000000000001
   getattr -> 0 0 0
   unique: 3, error: 0 (Undefined error: 0), outsize: 128
unique: 2, opcode: GETATTR (3), nodeid: 1, insize: 40
getattr 0000000000000001 0
getdir 0000000000000001
   getattr -> 0 0 0
   unique: 2, error: 0 (Undefined error: 0), outsize: 128
unique: 3, opcode: GETATTR (3), nodeid: 1, insize: 40
getattr 0000000000000001 0
getdir 0000000000000001
   getattr -> 0 0 0
   unique: 3, error: 0 (Undefined error: 0), outsize: 128
unique: 2, opcode: GETATTR (3), nodeid: 1, insize: 40
getattr 0000000000000001 0
getdir 0000000000000001
   getattr -> 0 0 0
   unique: 2, error: 0 (Undefined error: 0), outsize: 128
unique: 3, opcode: GETATTR (3), nodeid: 1, insize: 40
getattr 0000000000000001 0
getdir 0000000000000001
   getattr -> 0 0 0
   unique: 3, error: 0 (Undefined error: 0), outsize: 128
unique: 2, opcode: GETATTR (3), nodeid: 1, insize: 40
getattr 0000000000000001 0
getdir 0000000000000001
   getattr -> 0 0 0
   unique: 2, error: 0 (Undefined error: 0), outsize: 128
unique: 3, opcode: GETATTR (3), nodeid: 1, insize: 40
getattr 0000000000000001 0
getdir 0000000000000001
   getattr -> 0 0 0
   unique: 3, error: 0 (Undefined error: 0), outsize: 128
unique: 2, opcode: GETATTR (3), nodeid: 1, insize: 40
getattr 0000000000000001 0
getdir 0000000000000001
   getattr -> 0 0 0
   unique: 2, error: 0 (Undefined error: 0), outsize: 128
unique: 3, opcode: GETATTR (3), nodeid: 1, insize: 40
getattr 0000000000000001 0
getdir 0000000000000001
   getattr -> 0 0 0
   unique: 3, error: 0 (Undefined error: 0), outsize: 128
unique: 2, opcode: GETATTR (3), nodeid: 1, insize: 40
getattr 0000000000000001 0
getdir 0000000000000001
   getattr -> 0 0 0
   unique: 2, error: 0 (Undefined error: 0), outsize: 128
unique: 3, opcode: GETATTR (3), nodeid: 1, insize: 40
getattr 0000000000000001 0
getdir 0000000000000001
   getattr -> 0 0 0
   unique: 3, error: 0 (Undefined error: 0), outsize: 128
unique: 2, opcode: GETATTR (3), nodeid: 1, insize: 40
getattr 0000000000000001 0
getdir 0000000000000001
   getattr -> 0 0 0
   unique: 2, error: 0 (Undefined error: 0), outsize: 128
unique: 3, opcode: GETATTR (3), nodeid: 1, insize: 40
getattr 0000000000000001 0
getdir 0000000000000001
   getattr -> 0 0 0
   unique: 3, error: 0 (Undefined error: 0), outsize: 128
unique: 2, opcode: GETATTR (3), nodeid: 1, insize: 40
getattr 0000000000000001 0
getdir 0000000000000001
   getattr -> 0 0 0
   unique: 2, error: 0 (Undefined error: 0), outsize: 128
unique: 3, opcode: GETATTR (3), nodeid: 1, insize: 40
getattr 0000000000000001 0
getdir 0000000000000001
   getattr -> 0 0 0
   unique: 3, error: 0 (Undefined error: 0), outsize: 128
unique: 2, opcode: GETATTR (3), nodeid: 1, insize: 40
getattr 0000000000000001 0
getdir 0000000000000001
   getattr -> 0 0 0
   unique: 2, error: 0 (Undefined error: 0), outsize: 128
unique: 3, opcode: GETATTR (3), nodeid: 1, insize: 40
getattr 0000000000000001 0
getdir 0000000000000001
   getattr -> 0 0 0
   unique: 3, error: 0 (Undefined error: 0), outsize: 128
unique: 2, opcode: GETATTR (3), nodeid: 1, insize: 40
getattr 0000000000000001 0
getdir 0000000000000001
   getattr -> 0 0 0
   unique: 2, error: 0 (Undefined error: 0), outsize: 128
unique: 3, opcode: GETATTR (3), nodeid: 1, insize: 40
getattr 0000000000000001 0
getdir 0000000000000001
   getattr -> 0 0 0
   unique: 3, error: 0 (Undefined error: 0), outsize: 128
unique: 2, opcode: GETATTR (3), nodeid: 1, insize: 40
getattr 0000000000000001 0
getdir 0000000000000001
   getattr -> 0 0 0
   unique: 2, error: 0 (Undefined error: 0), outsize: 128
unique: 3, opcode: GETATTR (3), nodeid: 1, insize: 40
getattr 0000000000000001 0
getdir 0000000000000001
   getattr -> 0 0 0
   unique: 3, error: 0 (Undefined error: 0), outsize: 128
unique: 2, opcode: GETATTR (3), nodeid: 1, insize: 40
getattr 0000000000000001 0
getdir 0000000000000001
   getattr -> 0 0 0
   unique: 2, error: 0 (Undefined error: 0), outsize: 128
unique: 3, opcode: GETATTR (3), nodeid: 1, insize: 40
getattr 0000000000000001 0
getdir 0000000000000001
   getattr -> 0 0 0
   unique: 3, error: 0 (Undefined error: 0), outsize: 128
unique: 2, opcode: GETATTR (3), nodeid: 1, insize: 40
getattr 0000000000000001 0
getdir 0000000000000001
   getattr -> 0 0 0
   unique: 2, error: 0 (Undefined error: 0), outsize: 128
unique: 3, opcode: GETATTR (3), nodeid: 1, insize: 40
getattr 0000000000000001 0
getdir 0000000000000001
   getattr -> 0 0 0
   unique: 3, error: 0 (Undefined error: 0), outsize: 128
unique: 2, opcode: GETATTR (3), nodeid: 1, insize: 40
getattr 0000000000000001 0
getdir 0000000000000001
   getattr -> 0 0 0
   unique: 2, error: 0 (Undefined error: 0), outsize: 128
unique: 3, opcode: GETATTR (3), nodeid: 1, insize: 40
getattr 0000000000000001 0
getdir 0000000000000001
   getattr -> 0 0 0
   unique: 3, error: 0 (Undefined error: 0), outsize: 128
unique: 2, opcode: GETATTR (3), nodeid: 1, insize: 40
getattr 0000000000000001 0
getdir 0000000000000001
   getattr -> 0 0 0
   unique: 2, error: 0 (Undefined error: 0), outsize: 128
unique: 3, opcode: GETATTR (3), nodeid: 1, insize: 40
getattr 0000000000000001 0
getdir 0000000000000001
   getattr -> 0 0 0
   unique: 3, error: 0 (Undefined error: 0), outsize: 128
unique: 2, opcode: GETATTR (3), nodeid: 1, insize: 40
getattr 0000000000000001 0
getdir 0000000000000001
   getattr -> 0 0 0
   unique: 2, error: 0 (Undefined error: 0), outsize: 128
unique: 3, opcode: GETATTR (3), nodeid: 1, insize: 40
getattr 0000000000000001 0
getdir 0000000000000001
   getattr -> 0 0 0
   unique: 3, error: 0 (Undefined error: 0), outsize: 128
unique: 2, opcode: GETATTR (3), nodeid: 1, insize: 40
getattr 0000000000000001 0
getdir 0000000000000001
   getattr -> 0 0 0
   unique: 2, error: 0 (Undefined error: 0), outsize: 128
unique: 3, opcode: GETATTR (3), nodeid: 1, insize: 40
getattr 0000000000000001 0
getdir 0000000000000001
   getattr -> 0 0 0
   unique: 3, error: 0 (Undefined error: 0), outsize: 128
unique: 2, opcode: GETATTR (3), nodeid: 1, insize: 40
getattr 0000000000000001 0
getdir 0000000000000001
   getattr -> 0 0 0
   unique: 2, error: 0 (Undefined error: 0), outsize: 128
unique: 3, opcode: GETATTR (3), nodeid: 1, insize: 40
getattr 0000000000000001 0
getdir 0000000000000001
   getattr -> 0 0 0
   unique: 3, error: 0 (Undefined error: 0), outsize: 128
unique: 2, opcode: GETATTR (3), nodeid: 1, insize: 40
getattr 0000000000000001 0
getdir 0000000000000001
   getattr -> 0 0 0
   unique: 2, error: 0 (Undefined error: 0), outsize: 128
unique: 3, opcode: GETATTR (3), nodeid: 1, insize: 40
getattr 0000000000000001 0
getdir 0000000000000001
   getattr -> 0 0 0
   unique: 3, error: 0 (Undefined error: 0), outsize: 128
unique: 2, opcode: GETATTR (3), nodeid: 1, insize: 40
getattr 0000000000000001 0
getdir 0000000000000001
   getattr -> 0 0 0
   unique: 2, error: 0 (Undefined error: 0), outsize: 128
unique: 3, opcode: GETATTR (3), nodeid: 1, insize: 40
getattr 0000000000000001 0
getdir 0000000000000001
   getattr -> 0 0 0
   unique: 3, error: 0 (Undefined error: 0), outsize: 128
unique: 2, opcode: GETATTR (3), nodeid: 1, insize: 40
getattr 0000000000000001 0
getdir 0000000000000001
   getattr -> 0 0 0
   unique: 2, error: 0 (Undefined error: 0), outsize: 128
unique: 3, opcode: GETATTR (3), nodeid: 1, insize: 40
getattr 0000000000000001 0
getdir 0000000000000001
   getattr -> 0 0 0
   unique: 3, error: 0 (Undefined error: 0), outsize: 128
unique: 2, opcode: GETATTR (3), nodeid: 1, insize: 40
getattr 0000000000000001 0
getdir 0000000000000001
   getattr -> 0 0 0
   unique: 2, error: 0 (Undefined error: 0), outsize: 128
unique: 3, opcode: GETATTR (3), nodeid: 1, insize: 40
getattr 0000000000000001 0
getdir 0000000000000001
   getattr -> 0 0 0
   unique: 3, error: 0 (Undefined error: 0), outsize: 128
unique: 2, opcode: GETATTR (3), nodeid: 1, insize: 40
getattr 0000000000000001 0
getdir 0000000000000001
   getattr -> 0 0 0
   unique: 2, error: 0 (Undefined error: 0), outsize: 128
unique: 3, opcode: GETATTR (3), nodeid: 1, insize: 40
getattr 0000000000000001 0
getdir 0000000000000001
   getattr -> 0 0 0
   unique: 3, error: 0 (Undefined error: 0), outsize: 128
unique: 2, opcode: GETATTR (3), nodeid: 1, insize: 40
getattr 0000000000000001 0
getdir 0000000000000001
   getattr -> 0 0 0
   unique: 2, error: 0 (Undefined error: 0), outsize: 128
unique: 3, opcode: GETATTR (3), nodeid: 1, insize: 40
getattr 0000000000000001 0
getdir 0000000000000001
   getattr -> 0 0 0
   unique: 3, error: 0 (Undefined error: 0), outsize: 128
unique: 2, opcode: GETATTR (3), nodeid: 1, insize: 40
getattr 0000000000000001 0
getdir 0000000000000001
   getattr -> 0 0 0
   unique: 2, error: 0 (Undefined error: 0), outsize: 128
unique: 3, opcode: GETATTR (3), nodeid: 1, insize: 40
getattr 0000000000000001 0
getdir 0000000000000001
   getattr -> 0 0 0
   unique: 3, error: 0 (Undefined error: 0), outsize: 128
unique: 2, opcode: GETATTR (3), nodeid: 1, insize: 40
getattr 0000000000000001 0
getdir 0000000000000001
   getattr -> 0 0 0
   unique: 2, error: 0 (Undefined error: 0), outsize: 128
unique: 3, opcode: GETATTR (3), nodeid: 1, insize: 40
getattr 0000000000000001 0
getdir 0000000000000001
   getattr -> 0 0 0
   unique: 3, error: 0 (Undefined error: 0), outsize: 128
unique: 2, opcode: GETATTR (3), nodeid: 1, insize: 40
getattr 0000000000000001 0
getdir 0000000000000001
   getattr -> 0 0 0
   unique: 2, error: 0 (Undefined error: 0), outsize: 128
unique: 3, opcode: GETATTR (3), nodeid: 1, insize: 40
getattr 0000000000000001 0
getdir 0000000000000001
   getattr -> 0 0 0
   unique: 3, error: 0 (Undefined error: 0), outsize: 128
unique: 2, opcode: GETATTR (3), nodeid: 1, insize: 40
getattr 0000000000000001 0
getdir 0000000000000001
   getattr -> 0 0 0
   unique: 2, error: 0 (Undefined error: 0), outsize: 128
unique: 3, opcode: GETATTR (3), nodeid: 1, insize: 40
getattr 0000000000000001 0
getdir 0000000000000001
   getattr -> 0 0 0
   unique: 3, error: 0 (Undefined error: 0), outsize: 128
unique: 2, opcode: GETATTR (3), nodeid: 1, insize: 40
getattr 0000000000000001 0
getdir 0000000000000001
   getattr -> 0 0 0
   unique: 2, error: 0 (Undefined error: 0), outsize: 128
unique: 3, opcode: GETATTR (3), nodeid: 1, insize: 40
getattr 0000000000000001 0
getdir 0000000000000001
   getattr -> 0 0 0
   unique: 3, error: 0 (Undefined error: 0), outsize: 128
unique: 2, opcode: GETATTR (3), nodeid: 1, insize: 40
getattr 0000000000000001 0
getdir 0000000000000001
   getattr -> 0 0 0
   unique: 2, error: 0 (Undefined error: 0), outsize: 128
unique: 3, opcode: GETATTR (3), nodeid: 1, insize: 40
getattr 0000000000000001 0
getdir 0000000000000001
   getattr -> 0 0 0
   unique: 3, error: 0 (Undefined error: 0), outsize: 128
unique: 2, opcode: GETATTR (3), nodeid: 1, insize: 40
getattr 0000000000000001 0
getdir 0000000000000001
   getattr -> 0 0 0
   unique: 2, error: 0 (Undefined error: 0), outsize: 128
unique: 3, opcode: GETATTR (3), nodeid: 1, insize: 40
getattr 0000000000000001 0
getdir 0000000000000001
   getattr -> 0 0 0
   unique: 3, error: 0 (Undefined error: 0), outsize: 128
unique: 2, opcode: GETATTR (3), nodeid: 1, insize: 40
getattr 0000000000000001 0
getdir 0000000000000001
   getattr -> 0 0 0
   unique: 2, error: 0 (Undefined error: 0), outsize: 128
unique: 3, opcode: GETATTR (3), nodeid: 1, insize: 40
getattr 0000000000000001 0
getdir 0000000000000001
   getattr -> 0 0 0
   unique: 3, error: 0 (Undefined error: 0), outsize: 128
unique: 2, opcode: GETATTR (3), nodeid: 1, insize: 40
getattr 0000000000000001 0
getdir 0000000000000001
   getattr -> 0 0 0
   unique: 2, error: 0 (Undefined error: 0), outsize: 128
unique: 3, opcode: GETATTR (3), nodeid: 1, insize: 40
getattr 0000000000000001 0
getdir 0000000000000001
   getattr -> 0 0 0
   unique: 3, error: 0 (Undefined error: 0), outsize: 128
unique: 2, opcode: GETATTR (3), nodeid: 1, insize: 40
getattr 0000000000000001 0
getdir 0000000000000001
   getattr -> 0 0 0
   unique: 2, error: 0 (Undefined error: 0), outsize: 128
unique: 3, opcode: GETATTR (3), nodeid: 1, insize: 40
getattr 0000000000000001 0
getdir 0000000000000001
   getattr -> 0 0 0
   unique: 3, error: 0 (Undefined error: 0), outsize: 128
unique: 2, opcode: GETATTR (3), nodeid: 1, insize: 40
getattr 0000000000000001 0
getdir 0000000000000001
   getattr -> 0 0 0
   unique: 2, error: 0 (Undefined error: 0), outsize: 128
unique: 3, opcode: GETATTR (3), nodeid: 1, insize: 40
getattr 0000000000000001 0
getdir 0000000000000001
   getattr -> 0 0 0
   unique: 3, error: 0 (Undefined error: 0), outsize: 128
unique: 2, opcode: GETATTR (3), nodeid: 1, insize: 40
getattr 0000000000000001 0
getdir 0000000000000001
   getattr -> 0 0 0
   unique: 2, error: 0 (Undefined error: 0), outsize: 128
unique: 3, opcode: GETATTR (3), nodeid: 1, insize: 40
getattr 0000000000000001 0
getdir 0000000000000001
   getattr -> 0 0 0
   unique: 3, error: 0 (Undefined error: 0), outsize: 128
unique: 2, opcode: GETATTR (3), nodeid: 1, insize: 40
getattr 0000000000000001 0
getdir 0000000000000001
   getattr -> 0 0 0
   unique: 2, error: 0 (Undefined error: 0), outsize: 128
unique: 3, opcode: GETATTR (3), nodeid: 1, insize: 40
getattr 0000000000000001 0
getdir 0000000000000001
   getattr -> 0 0 0
   unique: 3, error: 0 (Undefined error: 0), outsize: 128
unique: 2, opcode: GETATTR (3), nodeid: 1, insize: 40
getattr 0000000000000001 0
getdir 0000000000000001
   getattr -> 0 0 0
   unique: 2, error: 0 (Undefined error: 0), outsize: 128
unique: 3, opcode: GETATTR (3), nodeid: 1, insize: 40
getattr 0000000000000001 0
getdir 0000000000000001
   getattr -> 0 0 0
   unique: 3, error: 0 (Undefined error: 0), outsize: 128
unique: 2, opcode: GETATTR (3), nodeid: 1, insize: 40
getattr 0000000000000001 0
getdir 0000000000000001
   getattr -> 0 0 0
   unique: 2, error: 0 (Undefined error: 0), outsize: 128
unique: 3, opcode: GETATTR (3), nodeid: 1, insize: 40
getattr 0000000000000001 0
getdir 0000000000000001
   getattr -> 0 0 0
   unique: 3, error: 0 (Undefined error: 0), outsize: 128
unique: 2, opcode: GETATTR (3), nodeid: 1, insize: 40
getattr 0000000000000001 0
getdir 0000000000000001
   getattr -> 0 0 0
   unique: 2, error: 0 (Undefined error: 0), outsize: 128
unique: 3, opcode: GETATTR (3), nodeid: 1, insize: 40
getattr 0000000000000001 0
getdir 0000000000000001
   getattr -> 0 0 0
   unique: 3, error: 0 (Undefined error: 0), outsize: 128
unique: 2, opcode: GETATTR (3), nodeid: 1, insize: 40
getattr 0000000000000001 0
getdir 0000000000000001
   getattr -> 0 0 0
   unique: 2, error: 0 (Undefined error: 0), outsize: 128
unique: 3, opcode: GETATTR (3), nodeid: 1, insize: 40
getattr 0000000000000001 0
getdir 0000000000000001
   getattr -> 0 0 0
   unique: 3, error: 0 (Undefined error: 0), outsize: 128
unique: 2, opcode: GETATTR (3), nodeid: 1, insize: 40
getattr 0000000000000001 0
getdir 0000000000000001
   getattr -> 0 0 0
   unique: 2, error: 0 (Undefined error: 0), outsize: 128
unique: 3, opcode: GETATTR (3), nodeid: 1, insize: 40
getattr 0000000000000001 0
getdir 0000000000000001
   getattr -> 0 0 0
   unique: 3, error: 0 (Undefined error: 0), outsize: 128
unique: 2, opcode: GETATTR (3), nodeid: 1, insize: 40
getattr 0000000000000001 0
getdir 0000000000000001
   getattr -> 0 0 0
   unique: 2, error: 0 (Undefined error: 0), outsize: 128
unique: 3, opcode: GETATTR (3), nodeid: 1, insize: 40
getattr 0000000000000001 0
getdir 0000000000000001
   getattr -> 0 0 0
   unique: 3, error: 0 (Undefined error: 0), outsize: 128
unique: 2, opcode: GETATTR (3), nodeid: 1, insize: 40
getattr 0000000000000001 0
getdir 0000000000000001
   getattr -> 0 0 0
   unique: 2, error: 0 (Undefined error: 0), outsize: 128
unique: 3, opcode: GETATTR (3), nodeid: 1, insize: 40
getattr 0000000000000001 0
getdir 0000000000000001
   getattr -> 0 0 0
   unique: 3, error: 0 (Undefined error: 0), outsize: 128
unique: 2, opcode: GETATTR (3), nodeid: 1, insize: 40
getattr 0000000000000001 0
getdir 0000000000000001
   getattr -> 0 0 0
   unique: 2, error: 0 (Undefined error: 0), outsize: 128
unique: 3, opcode: GETATTR (3), nodeid: 1, insize: 40
getattr 0000000000000001 0
getdir 0000000000000001
   getattr -> 0 0 0
   unique: 3, error: 0 (Undefined error: 0), outsize: 128
unique: 2, opcode: GETATTR (3), nodeid: 1, insize: 40
getattr 0000000000000001 0
getdir 0000000000000001
   getattr -> 0 0 0
   unique: 2, error: 0 (Undefined error: 0), outsize: 128
unique: 3, opcode: GETATTR (3), nodeid: 1, insize: 40
getattr 0000000000000001 0
getdir 0000000000000001
   getattr -> 0 0 0
   unique: 3, error: 0 (Undefined error: 0), outsize: 128
unique: 2, opcode: GETATTR (3), nodeid: 1, insize: 40
getattr 0000000000000001 0
getdir 0000000000000001
   getattr -> 0 0 0
   unique: 2, error: 0 (Undefined error: 0), outsize: 128
unique: 3, opcode: GETATTR (3), nodeid: 1, insize: 40
getattr 0000000000000001 0
getdir 0000000000000001
   getattr -> 0 0 0
   unique: 3, error: 0 (Undefined error: 0), outsize: 128
unique: 2, opcode: GETATTR (3), nodeid: 1, insize: 40
getattr 0000000000000001 0
getdir 0000000000000001
   getattr -> 0 0 0
   unique: 2, error: 0 (Undefined error: 0), outsize: 128
unique: 3, opcode: GETATTR (3), nodeid: 1, insize: 40
getattr 0000000000000001 0
getdir 0000000000000001
   getattr -> 0 0 0
   unique: 3, error: 0 (Undefined error: 0), outsize: 128
unique: 2, opcode: GETATTR (3), nodeid: 1, insize: 40
getattr 0000000000000001 0
getdir 0000000000000001
   getattr -> 0 0 0
   unique: 2, error: 0 (Undefined error: 0), outsize: 128
unique: 3, opcode: GETATTR (3), nodeid: 1, insize: 40
getattr 0000000000000001 0
getdir 0000000000000001
   getattr -> 0 0 0
   unique: 3, error: 0 (Undefined error: 0), outsize: 128
unique: 2, opcode: GETATTR (3), nodeid: 1, insize: 40
getattr 0000000000000001 0
getdir 0000000000000001
   getattr -> 0 0 0
   unique: 2, error: 0 (Undefined error: 0), outsize: 128
unique: 3, opcode: GETATTR (3), nodeid: 1, insize: 40
getattr 0000000000000001 0
getdir 0000000000000001
   getattr -> 0 0 0
   unique: 3, error: 0 (Undefined error: 0), outsize: 128
unique: 2, opcode: GETATTR (3), nodeid: 1, insize: 40
getattr 0000000000000001 0
getdir 0000000000000001
   getattr -> 0 0 0
   unique: 2, error: 0 (Undefined error: 0), outsize: 128
unique: 3, opcode: GETATTR (3), nodeid: 1, insize: 40
getattr 0000000000000001 0
getdir 0000000000000001
   getattr -> 0 0 0
   unique: 3, error: 0 (Undefined error: 0), outsize: 128
unique: 2, opcode: GETATTR (3), nodeid: 1, insize: 40
getattr 0000000000000001 0
getdir 0000000000000001
   getattr -> 0 0 0
   unique: 2, error: 0 (Undefined error: 0), outsize: 128
unique: 3, opcode: GETATTR (3), nodeid: 1, insize: 40
getattr 0000000000000001 0
getdir 0000000000000001
   getattr -> 0 0 0
   unique: 3, error: 0 (Undefined error: 0), outsize: 128
unique: 2, opcode: GETATTR (3), nodeid: 1, insize: 40
getattr 0000000000000001 0
getdir 0000000000000001
   getattr -> 0 0 0
   unique: 2, error: 0 (Undefined error: 0), outsize: 128
unique: 3, opcode: GETATTR (3), nodeid: 1, insize: 40
getattr 0000000000000001 0
getdir 0000000000000001
   getattr -> 0 0 0
   unique: 3, error: 0 (Undefined error: 0), outsize: 128
unique: 2, opcode: GETATTR (3), nodeid: 1, insize: 40
getattr 0000000000000001 0
getdir 0000000000000001
   getattr -> 0 0 0
   unique: 2, error: 0 (Undefined error: 0), outsize: 128
unique: 3, opcode: GETATTR (3), nodeid: 1, insize: 40
getattr 0000000000000001 0
getdir 0000000000000001
   getattr -> 0 0 0
   unique: 3, error: 0 (Undefined error: 0), outsize: 128
unique: 2, opcode: GETATTR (3), nodeid: 1, insize: 40
getattr 0000000000000001 0
getdir 0000000000000001
   getattr -> 0 0 0
   unique: 2, error: 0 (Undefined error: 0), outsize: 128
unique: 3, opcode: GETATTR (3), nodeid: 1, insize: 40
getattr 0000000000000001 0
getdir 0000000000000001
   getattr -> 0 0 0
   unique: 3, error: 0 (Undefined error: 0), outsize: 128
unique: 2, opcode: GETATTR (3), nodeid: 1, insize: 40
getattr 0000000000000001 0
getdir 0000000000000001
   getattr -> 0 0 0
   unique: 2, error: 0 (Undefined error: 0), outsize: 128
unique: 3, opcode: GETATTR (3), nodeid: 1, insize: 40
getattr 0000000000000001 0
getdir 0000000000000001
   getattr -> 0 0 0
   unique: 3, error: 0 (Undefined error: 0), outsize: 128
unique: 2, opcode: GETATTR (3), nodeid: 1, insize: 40
getattr 0000000000000001 0
getdir 0000000000000001
   getattr -> 0 0 0
   unique: 2, error: 0 (Undefined error: 0), outsize: 128
unique: 3, opcode: GETATTR (3), nodeid: 1, insize: 40
getattr 0000000000000001 0
getdir 0000000000000001
   getattr -> 0 0 0
   unique: 3, error: 0 (Undefined error: 0), outsize: 128
unique: 2, opcode: GETATTR (3), nodeid: 1, insize: 40
getattr 0000000000000001 0
getdir 0000000000000001
   getattr -> 0 0 0
   unique: 2, error: 0 (Undefined error: 0), outsize: 128
unique: 3, opcode: GETATTR (3), nodeid: 1, insize: 40
getattr 0000000000000001 0
getdir 0000000000000001
   getattr -> 0 0 0
   unique: 3, error: 0 (Undefined error: 0), outsize: 128
unique: 2, opcode: GETATTR (3), nodeid: 1, insize: 40
getattr 0000000000000001 0
getdir 0000000000000001
   getattr -> 0 0 0
   unique: 2, error: 0 (Undefined error: 0), outsize: 128
unique: 3, opcode: GETATTR (3), nodeid: 1, insize: 40
getattr 0000000000000001 0
getdir 0000000000000001
   getattr -> 0 0 0
   unique: 3, error: 0 (Undefined error: 0), outsize: 128
unique: 2, opcode: GETATTR (3), nodeid: 1, insize: 40
getattr 0000000000000001 0
getdir 0000000000000001
   getattr -> 0 0 0
   unique: 2, error: 0 (Undefined error: 0), outsize: 128
unique: 3, opcode: GETATTR (3), nodeid: 1, insize: 40
getattr 0000000000000001 0
getdir 0000000000000001
   getattr -> 0 0 0
   unique: 3, error: 0 (Undefined error: 0), outsize: 128
unique: 2, opcode: GETATTR (3), nodeid: 1, insize: 40
getattr 0000000000000001 0
getdir 0000000000000001
   getattr -> 0 0 0
   unique: 2, error: 0 (Undefined error: 0), outsize: 128
unique: 3, opcode: GETATTR (3), nodeid: 1, insize: 40
getattr 0000000000000001 0
getdir 0000000000000001
   getattr -> 0 0 0
   unique: 3, error: 0 (Undefined error: 0), outsize: 128
unique: 2, opcode: GETATTR (3), nodeid: 1, insize: 40
getattr 0000000000000001 0
getdir 0000000000000001
   getattr -> 0 0 0
   unique: 2, error: 0 (Undefined error: 0), outsize: 128
unique: 3, opcode: GETATTR (3), nodeid: 1, insize: 40
getattr 0000000000000001 0
getdir 0000000000000001
   getattr -> 0 0 0
   unique: 3, error: 0 (Undefined error: 0), outsize: 128
unique: 2, opcode: GETATTR (3), nodeid: 1, insize: 40
getattr 0000000000000001 0
getdir 0000000000000001
   getattr -> 0 0 0
   unique: 2, error: 0 (Undefined error: 0), outsize: 128
unique: 3, opcode: GETATTR (3), nodeid: 1, insize: 40
getattr 0000000000000001 0
getdir 0000000000000001
   getattr -> 0 0 0
   unique: 3, error: 0 (Undefined error: 0), outsize: 128
unique: 2, opcode: GETATTR (3), nodeid: 1, insize: 40
getattr 0000000000000001 0
getdir 0000000000000001
   getattr -> 0 0 0
   unique: 2, error: 0 (Undefined error: 0), outsize: 128
unique: 3, opcode: GETATTR (3), nodeid: 1, insize: 40
getattr 0000000000000001 0
getdir 0000000000000001
   getattr -> 0 0 0
   unique: 3, error: 0 (Undefined error: 0), outsize: 128
unique: 2, opcode: GETATTR (3), nodeid: 1, insize: 40
getattr 0000000000000001 0
getdir 0000000000000001
   getattr -> 0 0 0
   unique: 2, error: 0 (Undefined error: 0), outsize: 128
unique: 3, opcode: GETATTR (3), nodeid: 1, insize: 40
getattr 0000000000000001 0
getdir 0000000000000001
   getattr -> 0 0 0
   unique: 3, error: 0 (Undefined error: 0), outsize: 128
unique: 2, opcode: GETATTR (3), nodeid: 1, insize: 40
getattr 0000000000000001 0
getdir 0000000000000001
   getattr -> 0 0 0
   unique: 2, error: 0 (Undefined error: 0), outsize: 128
unique: 3, opcode: GETATTR (3), nodeid: 1, insize: 40
getattr 0000000000000001 0
getdir 0000000000000001
   getattr -> 0 0 0
   unique: 3, error: 0 (Undefined error: 0), outsize: 128
unique: 2, opcode: GETATTR (3), nodeid: 1, insize: 40
getattr 0000000000000001 0
getdir 0000000000000001
   getattr -> 0 0 0
   unique: 2, error: 0 (Undefined error: 0), outsize: 128
unique: 3, opcode: GETATTR (3), nodeid: 1, insize: 40
getattr 0000000000000001 0
getdir 0000000000000001
   getattr -> 0 0 0
   unique: 3, error: 0 (Undefined error: 0), outsize: 128
unique: 2, opcode: GETATTR (3), nodeid: 1, insize: 40
getattr 0000000000000001 0
getdir 0000000000000001
   getattr -> 0 0 0
   unique: 2, error: 0 (Undefined error: 0), outsize: 128
unique: 3, opcode: GETATTR (3), nodeid: 1, insize: 40
getattr 0000000000000001 0
getdir 0000000000000001
   getattr -> 0 0 0
   unique: 3, error: 0 (Undefined error: 0), outsize: 128
unique: 2, opcode: GETATTR (3), nodeid: 1, insize: 40
getattr 0000000000000001 0
getdir 0000000000000001
   getattr -> 0 0 0
   unique: 2, error: 0 (Undefined error: 0), outsize: 128
unique: 3, opcode: GETATTR (3), nodeid: 1, insize: 40
getattr 0000000000000001 0
getdir 0000000000000001
   getattr -> 0 0 0
   unique: 3, error: 0 (Undefined error: 0), outsize: 128
unique: 2, opcode: ACCESS (34), nodeid: 1, insize: 48
   unique: 2, error: -78 (Function not implemented), outsize: 16
unique: 3, opcode: LOOKUP (1), nodeid: 1, insize: 45
   unique: 3, error: -2 (No such file or directory), outsize: 16
unique: 2, opcode: LOOKUP (1), nodeid: 1, insize: 45
   unique: 2, error: -2 (No such file or directory), outsize: 16
unique: 3, opcode: GETATTR (3), nodeid: 1, insize: 40
getattr 0000000000000001 0
getdir 0000000000000001
   getattr -> 0 0 0
   unique: 3, error: 0 (Undefined error: 0), outsize: 128
unique: 2, opcode: GETATTR (3), nodeid: 1, insize: 40
getattr 0000000000000001 0
getdir 0000000000000001
   getattr -> 0 0 0
   unique: 2, error: 0 (Undefined error: 0), outsize: 128
unique: 3, opcode: GETATTR (3), nodeid: 1, insize: 40
getattr 0000000000000001 0
getdir 0000000000000001
   getattr -> 0 0 0
   unique: 3, error: 0 (Undefined error: 0), outsize: 128
unique: 2, opcode: GETATTR (3), nodeid: 1, insize: 40
getattr 0000000000000001 0
getdir 0000000000000001
   getattr -> 0 0 0
   unique: 2, error: 0 (Undefined error: 0), outsize: 128
unique: 3, opcode: GETATTR (3), nodeid: 1, insize: 40
getattr 0000000000000001 0
getdir 0000000000000001
   getattr -> 0 0 0
   unique: 3, error: 0 (Undefined error: 0), outsize: 128
unique: 2, opcode: GETATTR (3), nodeid: 1, insize: 40
getattr 0000000000000001 0
getdir 0000000000000001
   getattr -> 0 0 0
   unique: 2, error: 0 (Undefined error: 0), outsize: 128
unique: 3, opcode: GETATTR (3), nodeid: 1, insize: 40
getattr 0000000000000001 0
getdir 0000000000000001
   getattr -> 0 0 0
   unique: 3, error: 0 (Undefined error: 0), outsize: 128
unique: 2, opcode: GETATTR (3), nodeid: 1, insize: 40
getattr 0000000000000001 0
getdir 0000000000000001
   getattr -> 0 0 0
   unique: 2, error: 0 (Undefined error: 0), outsize: 128
unique: 3, opcode: GETATTR (3), nodeid: 1, insize: 40
getattr 0000000000000001 0
getdir 0000000000000001
   getattr -> 0 0 0
   unique: 3, error: 0 (Undefined error: 0), outsize: 128
unique: 2, opcode: LOOKUP (1), nodeid: 1, insize: 45
   unique: 2, error: -2 (No such file or directory), outsize: 16
unique: 3, opcode: LOOKUP (1), nodeid: 1, insize: 45
   unique: 3, error: -2 (No such file or directory), outsize: 16
unique: 2, opcode: GETATTR (3), nodeid: 1, insize: 40
getattr 0000000000000001 0
getdir 0000000000000001
   getattr -> 0 0 0
   unique: 2, error: 0 (Undefined error: 0), outsize: 128
unique: 3, opcode: DESTROY (38), nodeid: 1, insize: 40
   unique: 3, error: 0 (Undefined error: 0), outsize: 16
